<?xml version="1.0" encoding="UTF-8"?>
<testng-results skipped="0" failed="0" ignored="0" total="1" passed="1">
  <reporter-output>
  </reporter-output>
  <suite name="Default suite" duration-ms="381" started-at="2021-04-07T10:37:38 PDT" finished-at="2021-04-07T10:37:39 PDT">
    <groups>
    </groups>
    <test name="Default test" duration-ms="381" started-at="2021-04-07T10:37:38 PDT" finished-at="2021-04-07T10:37:39 PDT">
      <class name="code1.Verify_assert">
        <test-method status="PASS" signature="m1()[pri:0, instance:code1.Verify_assert@19627bc]" name="m1" duration-ms="54" started-at="2021-04-07T10:37:39 PDT" finished-at="2021-04-07T10:37:39 PDT">
          <reporter-output>
          </reporter-output>
        </test-method> <!-- m1 -->
      </class> <!-- code1.Verify_assert -->
    </test> <!-- Default test -->
  </suite> <!-- Default suite -->
</testng-results>
